   PROVISIONING_PROFILE = 

note: Using codesigning identity override: 
ComputePackagePrebuildTargetDependencyGraph

Prepare packages

CreateBuildRequest

SendProjectDescription

CreateBuildOperation

ComputeTargetDependencyGraph
note: Building targets in dependency order
note: Target dependency graph (1 target)
    Target 'App' in project 'App' (no dependencies)

GatherProvisioningInputs

CreateBuildDescription

ExecuteExternalTool /Applications/Xcode-16.4.app/Contents/Developer/usr/bin/actool --print-asset-tag-combinations --output-format xml1 /Users/builder/clone/ios/App/App/Assets.xcassets

ExecuteExternalTool /Applications/Xcode-16.4.app/Contents/Developer/usr/bin/ibtool --version --output-format xml1

ExecuteExternalTool /Applications/Xcode-16.4.app/Contents/Developer/Toolchains/XcodeDefault.xctoolchain/usr/bin/clang -v -E -dM -isysroot /Applications/Xcode-16.4.app/Contents/Developer/Platforms/iPhoneOS.platform/Developer/SDKs/iPhoneOS18.5.sdk -x c -c /dev/null

ExecuteExternalTool /Applications/Xcode-16.4.app/Contents/Developer/usr/bin/actool --version --output-format xml1

ExecuteExternalTool /Applications/Xcode-16.4.app/Contents/Developer/Toolchains/XcodeDefault.xctoolchain/usr/bin/swiftc --version

ExecuteExternalTool /Applications/Xcode-16.4.app/Contents/Developer/Toolchains/XcodeDefault.xctoolchain/usr/bin/ld -version_details

Build description signature: 1c7271328952c0d2675ac5d5c8b5c5df
Build description path: /Users/builder/Library/Developer/Xcode/DerivedData/App-dauaqfqrctuewxfmikobeghbofmz/Build/Intermediates.noindex/ArchiveIntermediates/App/IntermediateBuildFilesPath/XCBuildData/1c7271328952c0d2675ac5d5c8b5c5df.xcbuilddata
/Users/builder/clone/ios/App/App.xcodeproj:1:1: error: Unable to open base configuration reference file '/Users/builder/clone/ios/App/Pods/Target Support Files/Pods-App/Pods-App.release.xcconfig'. (in target 'App' from project 'App')
note: Disabling previews because SWIFT_VERSION is set and SWIFT_OPTIMIZATION_LEVEL=-O, expected -Onone (in target 'App' from project 'App')
warning: Run script build phase '[CP] Embed Pods Frameworks' will be run during every build because it does not specify any outputs. To address this issue, either add output dependencies to the script phase, or configure it to run in every build by unchecking "Based on dependency analysis" in the script phase. (in target 'App' from project 'App')
** ARCHIVE FAILED **


The following build commands failed:
	Archiving project App with scheme App
(1 failure)


Build failed :|
Step 8 script `Build unsigned app archive` exited with status code 65
